  api.cpp
C:\Program Files\NVIDIA GPU Computing Toolkit\CUDA\v12.3\include\driver_types.h(1325,1): warning C4819: 현재 코드 페이지(949)에서 표시할 수 없는 문자가 파일에 들어 있습니다. 데이터가 손실되지 않게 하려면 해당 파일을 유니코드 형식으로 저장하십시오.
C:\Program Files\NVIDIA GPU Computing Toolkit\CUDA\v12.3\include\driver_types.h(1325,1): warning C4819: 현재 코드 페이지(949)에서 표시할 수 없는 문자가 파일에 들어 있습니다. 데이터가 손실되지 않게 하려면 해당 파일을 유니코드 형식으로 저장하십시오.
C:\Program Files\NVIDIA GPU Computing Toolkit\CUDA\v12.3\include\driver_types.h(1325,1): warning C4819: 현재 코드 페이지(949)에서 표시할 수 없는 문자가 파일에 들어 있습니다. 데이터가 손실되지 않게 하려면 해당 파일을 유니코드 형식으로 저장하십시오.
C:\Program Files\NVIDIA GPU Computing Toolkit\CUDA\v12.3\include\driver_types.h(1325,1): warning C4819: 현재 코드 페이지(949)에서 표시할 수 없는 문자가 파일에 들어 있습니다. 데이터가 손실되지 않게 하려면 해당 파일을 유니코드 형식으로 저장하십시오.
C:\Program Files\NVIDIA GPU Computing Toolkit\CUDA\v12.3\include\cuda_runtime_api.h(11766,1): warning C4819: 현재 코드 페이지(949)에서 표시할 수 없는 문자가 파일에 들어 있습니다. 데이터가 손실되지 않게 하려면 해당 파일을 유니코드 형식으로 저장하십시오.
C:\Program Files\NVIDIA GPU Computing Toolkit\CUDA\v12.3\include\cuda_runtime_api.h(11766,1): warning C4819: 현재 코드 페이지(949)에서 표시할 수 없는 문자가 파일에 들어 있습니다. 데이터가 손실되지 않게 하려면 해당 파일을 유니코드 형식으로 저장하십시오.
C:\Program Files\NVIDIA GPU Computing Toolkit\CUDA\v12.3\include\driver_types.h(1325,1): warning C4819: 현재 코드 페이지(949)에서 표시할 수 없는 문자가 파일에 들어 있습니다. 데이터가 손실되지 않게 하려면 해당 파일을 유니코드 형식으로 저장하십시오.
C:\Program Files\NVIDIA GPU Computing Toolkit\CUDA\v12.3\include\driver_types.h(1325,1): warning C4819: 현재 코드 페이지(949)에서 표시할 수 없는 문자가 파일에 들어 있습니다. 데이터가 손실되지 않게 하려면 해당 파일을 유니코드 형식으로 저장하십시오.
C:\Program Files\NVIDIA GPU Computing Toolkit\CUDA\v12.3\include\cuda_runtime_api.h(11766,1): warning C4819: 현재 코드 페이지(949)에서 표시할 수 없는 문자가 파일에 들어 있습니다. 데이터가 손실되지 않게 하려면 해당 파일을 유니코드 형식으로 저장하십시오.
C:\Program Files\NVIDIA GPU Computing Toolkit\CUDA\v12.3\include\cuda_runtime_api.h(11766,1): warning C4819: 현재 코드 페이지(949)에서 표시할 수 없는 문자가 파일에 들어 있습니다. 데이터가 손실되지 않게 하려면 해당 파일을 유니코드 형식으로 저장하십시오.
C:\Users\MultiCOM\Documents\workspace\bellhop_cuda_windows\bellhop_cuda_windows\bellhop_cuda_windows\module\rcvrbearings.hpp(28,45): warning C4244: '=': 'double'에서 'float'(으)로 변환하면서 데이터가 손실될 수 있습니다.
C:\Users\MultiCOM\Documents\workspace\bellhop_cuda_windows\bellhop_cuda_windows\bellhop_cuda_windows\module\rcvrbearings.hpp(23): message : 클래스 템플릿 멤버 함수 'void bhc::module::RcvrBearings<false>::Default(bhc::bhcParams<false> &) const'을(를) 컴파일하는 중입니다.
C:\Users\MultiCOM\Documents\workspace\bellhop_cuda_windows\bellhop_cuda_windows\bellhop_cuda_windows\module\rcvrbearings.hpp(39): message : 컴파일되는 함수 템플릿 인스턴스화 'void bhc::module::RcvrBearings<false>::Default(bhc::bhcParams<false> &) const'에 대한 참조를 확인하세요.
C:\Users\MultiCOM\Documents\workspace\bellhop_cuda_windows\bellhop_cuda_windows\bellhop_cuda_windows\api.cpp(51): message : 컴파일되는 클래스 템플릿 인스턴스화 'bhc::module::RcvrBearings<false>'에 대한 참조를 확인하세요.
C:\Users\MultiCOM\Documents\workspace\bellhop_cuda_windows\bellhop_cuda_windows\bellhop_cuda_windows\api.cpp(37): message : 클래스 템플릿 멤버 함수 'bhc::module::ModulesList<false>::ModulesList(void)'을(를) 컴파일하는 중입니다.
C:\Users\MultiCOM\Documents\workspace\bellhop_cuda_windows\bellhop_cuda_windows\bellhop_cuda_windows\api.cpp(76): message : 컴파일되는 클래스 템플릿 인스턴스화 'bhc::module::ModulesList<false>'에 대한 참조를 확인하세요.
C:\Users\MultiCOM\Documents\workspace\bellhop_cuda_windows\bellhop_cuda_windows\bellhop_cuda_windows\module\rcvrranges.hpp(24,41): warning C4244: '=': 'double'에서 'float'(으)로 변환하면서 데이터가 손실될 수 있습니다.
C:\Users\MultiCOM\Documents\workspace\bellhop_cuda_windows\bellhop_cuda_windows\bellhop_cuda_windows\module\rcvrranges.hpp(19): message : 클래스 템플릿 멤버 함수 'void bhc::module::RcvrRanges<false>::Default(bhc::bhcParams<false> &) const'을(를) 컴파일하는 중입니다.
C:\Users\MultiCOM\Documents\workspace\bellhop_cuda_windows\bellhop_cuda_windows\bellhop_cuda_windows\api.cpp(50): message : 컴파일되는 클래스 템플릿 인스턴스화 'bhc::module::RcvrRanges<false>'에 대한 참조를 확인하세요.
C:\Users\MultiCOM\Documents\workspace\bellhop_cuda_windows\bellhop_cuda_windows\bellhop_cuda_windows\module\szrz.hpp(73,30): warning C4244: '=': 'bhc::real'에서 'float'(으)로 변환하면서 데이터가 손실될 수 있습니다.
C:\Users\MultiCOM\Documents\workspace\bellhop_cuda_windows\bellhop_cuda_windows\bellhop_cuda_windows\module\szrz.hpp(58): message : 클래스 템플릿 멤버 함수 'void bhc::module::SzRz<false>::Validate(bhc::bhcParams<false> &) const'을(를) 컴파일하는 중입니다.
C:\Users\MultiCOM\Documents\workspace\bellhop_cuda_windows\bellhop_cuda_windows\bellhop_cuda_windows\api.cpp(49): message : 컴파일되는 클래스 템플릿 인스턴스화 'bhc::module::SzRz<false>'에 대한 참조를 확인하세요.
C:\Users\MultiCOM\Documents\workspace\bellhop_cuda_windows\bellhop_cuda_windows\bellhop_cuda_windows\module\szrz.hpp(77,30): warning C4244: '=': 'bhc::real'에서 'float'(으)로 변환하면서 데이터가 손실될 수 있습니다.
C:\Users\MultiCOM\Documents\workspace\bellhop_cuda_windows\bellhop_cuda_windows\bellhop_cuda_windows\module\szrz.hpp(94,30): warning C4244: '=': 'bhc::real'에서 'float'(으)로 변환하면서 데이터가 손실될 수 있습니다.
C:\Users\MultiCOM\Documents\workspace\bellhop_cuda_windows\bellhop_cuda_windows\bellhop_cuda_windows\module\szrz.hpp(98,30): warning C4244: '=': 'bhc::real'에서 'float'(으)로 변환하면서 데이터가 손실될 수 있습니다.
C:\Users\MultiCOM\Documents\workspace\bellhop_cuda_windows\bellhop_cuda_windows\bellhop_cuda_windows\module\szrz.hpp(34,43): warning C4244: '=': 'double'에서 'float'(으)로 변환하면서 데이터가 손실될 수 있습니다.
C:\Users\MultiCOM\Documents\workspace\bellhop_cuda_windows\bellhop_cuda_windows\bellhop_cuda_windows\module\szrz.hpp(26): message : 클래스 템플릿 멤버 함수 'void bhc::module::SzRz<false>::Default(bhc::bhcParams<false> &) const'을(를) 컴파일하는 중입니다.
C:\Users\MultiCOM\Documents\workspace\bellhop_cuda_windows\bellhop_cuda_windows\bellhop_cuda_windows\mode\arr.hpp(66,1): warning C4267: '인수': 'size_t'에서 'const _Ty'(으)로 변환하면서 데이터가 손실될 수 있습니다.
          with
          [
              _Ty=int32_t
          ]
C:\Users\MultiCOM\Documents\workspace\bellhop_cuda_windows\bellhop_cuda_windows\bellhop_cuda_windows\mode\arr.hpp(48): message : 클래스 템플릿 멤버 함수 'void bhc::mode::Arr<false,false>::Preprocess(bhc::bhcParams<false> &,bhc::bhcOutputs<false,false> &) const'을(를) 컴파일하는 중입니다.
C:\Users\MultiCOM\Documents\workspace\bellhop_cuda_windows\bellhop_cuda_windows\bellhop_cuda_windows\api.cpp(94): message : 컴파일되는 클래스 템플릿 인스턴스화 'bhc::mode::Arr<false,false>'에 대한 참조를 확인하세요.
C:\Users\MultiCOM\Documents\workspace\bellhop_cuda_windows\bellhop_cuda_windows\bellhop_cuda_windows\api.cpp(89): message : 클래스 템플릿 멤버 함수 'bhc::mode::ModesList<false,false>::ModesList(void)'을(를) 컴파일하는 중입니다.
C:\Users\MultiCOM\Documents\workspace\bellhop_cuda_windows\bellhop_cuda_windows\bellhop_cuda_windows\api.cpp(110): message : 컴파일되는 클래스 템플릿 인스턴스화 'bhc::mode::ModesList<false,false>'에 대한 참조를 확인하세요.
  arr.cpp
C:\Program Files\NVIDIA GPU Computing Toolkit\CUDA\v12.3\include\driver_types.h(1325,1): warning C4819: 현재 코드 페이지(949)에서 표시할 수 없는 문자가 파일에 들어 있습니다. 데이터가 손실되지 않게 하려면 해당 파일을 유니코드 형식으로 저장하십시오.
C:\Program Files\NVIDIA GPU Computing Toolkit\CUDA\v12.3\include\driver_types.h(1325,1): warning C4819: 현재 코드 페이지(949)에서 표시할 수 없는 문자가 파일에 들어 있습니다. 데이터가 손실되지 않게 하려면 해당 파일을 유니코드 형식으로 저장하십시오.
C:\Program Files\NVIDIA GPU Computing Toolkit\CUDA\v12.3\include\driver_types.h(1325,1): warning C4819: 현재 코드 페이지(949)에서 표시할 수 없는 문자가 파일에 들어 있습니다. 데이터가 손실되지 않게 하려면 해당 파일을 유니코드 형식으로 저장하십시오.
C:\Program Files\NVIDIA GPU Computing Toolkit\CUDA\v12.3\include\driver_types.h(1325,1): warning C4819: 현재 코드 페이지(949)에서 표시할 수 없는 문자가 파일에 들어 있습니다. 데이터가 손실되지 않게 하려면 해당 파일을 유니코드 형식으로 저장하십시오.
C:\Program Files\NVIDIA GPU Computing Toolkit\CUDA\v12.3\include\cuda_runtime_api.h(11766,1): warning C4819: 현재 코드 페이지(949)에서 표시할 수 없는 문자가 파일에 들어 있습니다. 데이터가 손실되지 않게 하려면 해당 파일을 유니코드 형식으로 저장하십시오.
C:\Program Files\NVIDIA GPU Computing Toolkit\CUDA\v12.3\include\cuda_runtime_api.h(11766,1): warning C4819: 현재 코드 페이지(949)에서 표시할 수 없는 문자가 파일에 들어 있습니다. 데이터가 손실되지 않게 하려면 해당 파일을 유니코드 형식으로 저장하십시오.
C:\Program Files\NVIDIA GPU Computing Toolkit\CUDA\v12.3\include\driver_types.h(1325,1): warning C4819: 현재 코드 페이지(949)에서 표시할 수 없는 문자가 파일에 들어 있습니다. 데이터가 손실되지 않게 하려면 해당 파일을 유니코드 형식으로 저장하십시오.
C:\Program Files\NVIDIA GPU Computing Toolkit\CUDA\v12.3\include\driver_types.h(1325,1): warning C4819: 현재 코드 페이지(949)에서 표시할 수 없는 문자가 파일에 들어 있습니다. 데이터가 손실되지 않게 하려면 해당 파일을 유니코드 형식으로 저장하십시오.
C:\Program Files\NVIDIA GPU Computing Toolkit\CUDA\v12.3\include\cuda_runtime_api.h(11766,1): warning C4819: 현재 코드 페이지(949)에서 표시할 수 없는 문자가 파일에 들어 있습니다. 데이터가 손실되지 않게 하려면 해당 파일을 유니코드 형식으로 저장하십시오.
C:\Program Files\NVIDIA GPU Computing Toolkit\CUDA\v12.3\include\cuda_runtime_api.h(11766,1): warning C4819: 현재 코드 페이지(949)에서 표시할 수 없는 문자가 파일에 들어 있습니다. 데이터가 손실되지 않게 하려면 해당 파일을 유니코드 형식으로 저장하십시오.
C:\Users\MultiCOM\Documents\workspace\bellhop_cuda_windows\bellhop_cuda_windows\bellhop_cuda_windows\mode\arr.cpp(37,54): warning C4244: '=': 'double'에서 'float'(으)로 변환하면서 데이터가 손실될 수 있습니다.
C:\Users\MultiCOM\Documents\workspace\bellhop_cuda_windows\bellhop_cuda_windows\bellhop_cuda_windows\mode\arr.cpp(60): message : 컴파일되는 함수 템플릿 인스턴스화 'void bhc::mode::PostProcessArrivals<false,false>(const bhc::bhcParams<false> &,bhc::ArrInfo *)'에 대한 참조를 확인하세요.
C:\Users\MultiCOM\Documents\workspace\bellhop_cuda_windows\bellhop_cuda_windows\bellhop_cuda_windows\mode\arr.cpp(373,57): warning C4244: '=': 'bhc::real'에서 'float'(으)로 변환하면서 데이터가 손실될 수 있습니다.
C:\Users\MultiCOM\Documents\workspace\bellhop_cuda_windows\bellhop_cuda_windows\bellhop_cuda_windows\mode\arr.cpp(412): message : 컴파일되는 함수 템플릿 인스턴스화 'void bhc::mode::ReadOutArrivals<false,false>(bhc::bhcParams<false> &,bhc::bhcOutputs<false,false> &,const char *)'에 대한 참조를 확인하세요.
C:\Users\MultiCOM\Documents\workspace\bellhop_cuda_windows\bellhop_cuda_windows\bellhop_cuda_windows\mode\arr.cpp(376,1): warning C4305: '*=': 'const bhc::real'에서 'float'(으)로 잘립니다.
C:\Users\MultiCOM\Documents\workspace\bellhop_cuda_windows\bellhop_cuda_windows\bellhop_cuda_windows\mode\arr.cpp(398,52): warning C4244: '=': 'float'에서 'int32_t'(으)로 변환하면서 데이터가 손실될 수 있습니다.
C:\Users\MultiCOM\Documents\workspace\bellhop_cuda_windows\bellhop_cuda_windows\bellhop_cuda_windows\mode\arr.cpp(399,52): warning C4244: '=': 'float'에서 'int32_t'(으)로 변환하면서 데이터가 손실될 수 있습니다.
C:\Users\MultiCOM\Documents\workspace\bellhop_cuda_windows\bellhop_cuda_windows\bellhop_cuda_windows\mode\arr.hpp(66,1): warning C4267: '인수': 'size_t'에서 'const _Ty'(으)로 변환하면서 데이터가 손실될 수 있습니다.
          with
          [
              _Ty=int32_t
          ]
C:\Users\MultiCOM\Documents\workspace\bellhop_cuda_windows\bellhop_cuda_windows\bellhop_cuda_windows\mode\arr.hpp(48): message : 클래스 템플릿 멤버 함수 'void bhc::mode::Arr<false,false>::Preprocess(bhc::bhcParams<false> &,bhc::bhcOutputs<false,false> &) const'을(를) 컴파일하는 중입니다.
C:\Users\MultiCOM\Documents\workspace\bellhop_cuda_windows\bellhop_cuda_windows\bellhop_cuda_windows\mode\arr.cpp(332): message : 컴파일되는 함수 템플릿 인스턴스화 'void bhc::mode::Arr<false,false>::Preprocess(bhc::bhcParams<false> &,bhc::bhcOutputs<false,false> &) const'에 대한 참조를 확인하세요.
C:\Users\MultiCOM\Documents\workspace\bellhop_cuda_windows\bellhop_cuda_windows\bellhop_cuda_windows\mode\arr.cpp(331): message : 컴파일되는 클래스 템플릿 인스턴스화 'bhc::mode::Arr<false,false>'에 대한 참조를 확인하세요.
C:\Users\MultiCOM\Documents\workspace\bellhop_cuda_windows\bellhop_cuda_windows\bellhop_cuda_windows\mode\arr.cpp(412): message : 컴파일되는 함수 템플릿 인스턴스화 'void bhc::mode::ReadOutArrivals<false,false>(bhc::bhcParams<false> &,bhc::bhcOutputs<false,false> &,const char *)'에 대한 참조를 확인하세요.
  eigen.cpp
C:\Program Files\NVIDIA GPU Computing Toolkit\CUDA\v12.3\include\driver_types.h(1325,1): warning C4819: 현재 코드 페이지(949)에서 표시할 수 없는 문자가 파일에 들어 있습니다. 데이터가 손실되지 않게 하려면 해당 파일을 유니코드 형식으로 저장하십시오.
C:\Program Files\NVIDIA GPU Computing Toolkit\CUDA\v12.3\include\driver_types.h(1325,1): warning C4819: 현재 코드 페이지(949)에서 표시할 수 없는 문자가 파일에 들어 있습니다. 데이터가 손실되지 않게 하려면 해당 파일을 유니코드 형식으로 저장하십시오.
C:\Program Files\NVIDIA GPU Computing Toolkit\CUDA\v12.3\include\driver_types.h(1325,1): warning C4819: 현재 코드 페이지(949)에서 표시할 수 없는 문자가 파일에 들어 있습니다. 데이터가 손실되지 않게 하려면 해당 파일을 유니코드 형식으로 저장하십시오.
C:\Program Files\NVIDIA GPU Computing Toolkit\CUDA\v12.3\include\driver_types.h(1325,1): warning C4819: 현재 코드 페이지(949)에서 표시할 수 없는 문자가 파일에 들어 있습니다. 데이터가 손실되지 않게 하려면 해당 파일을 유니코드 형식으로 저장하십시오.
C:\Program Files\NVIDIA GPU Computing Toolkit\CUDA\v12.3\include\cuda_runtime_api.h(11766,1): warning C4819: 현재 코드 페이지(949)에서 표시할 수 없는 문자가 파일에 들어 있습니다. 데이터가 손실되지 않게 하려면 해당 파일을 유니코드 형식으로 저장하십시오.
C:\Program Files\NVIDIA GPU Computing Toolkit\CUDA\v12.3\include\cuda_runtime_api.h(11766,1): warning C4819: 현재 코드 페이지(949)에서 표시할 수 없는 문자가 파일에 들어 있습니다. 데이터가 손실되지 않게 하려면 해당 파일을 유니코드 형식으로 저장하십시오.
C:\Program Files\NVIDIA GPU Computing Toolkit\CUDA\v12.3\include\driver_types.h(1325,1): warning C4819: 현재 코드 페이지(949)에서 표시할 수 없는 문자가 파일에 들어 있습니다. 데이터가 손실되지 않게 하려면 해당 파일을 유니코드 형식으로 저장하십시오.
C:\Program Files\NVIDIA GPU Computing Toolkit\CUDA\v12.3\include\driver_types.h(1325,1): warning C4819: 현재 코드 페이지(949)에서 표시할 수 없는 문자가 파일에 들어 있습니다. 데이터가 손실되지 않게 하려면 해당 파일을 유니코드 형식으로 저장하십시오.
C:\Program Files\NVIDIA GPU Computing Toolkit\CUDA\v12.3\include\cuda_runtime_api.h(11766,1): warning C4819: 현재 코드 페이지(949)에서 표시할 수 없는 문자가 파일에 들어 있습니다. 데이터가 손실되지 않게 하려면 해당 파일을 유니코드 형식으로 저장하십시오.
C:\Program Files\NVIDIA GPU Computing Toolkit\CUDA\v12.3\include\cuda_runtime_api.h(11766,1): warning C4819: 현재 코드 페이지(949)에서 표시할 수 없는 문자가 파일에 들어 있습니다. 데이터가 손실되지 않게 하려면 해당 파일을 유니코드 형식으로 저장하십시오.
  field.cpp
C:\Program Files\NVIDIA GPU Computing Toolkit\CUDA\v12.3\include\driver_types.h(1325,1): warning C4819: 현재 코드 페이지(949)에서 표시할 수 없는 문자가 파일에 들어 있습니다. 데이터가 손실되지 않게 하려면 해당 파일을 유니코드 형식으로 저장하십시오.
C:\Program Files\NVIDIA GPU Computing Toolkit\CUDA\v12.3\include\driver_types.h(1325,1): warning C4819: 현재 코드 페이지(949)에서 표시할 수 없는 문자가 파일에 들어 있습니다. 데이터가 손실되지 않게 하려면 해당 파일을 유니코드 형식으로 저장하십시오.
C:\Program Files\NVIDIA GPU Computing Toolkit\CUDA\v12.3\include\driver_types.h(1325,1): warning C4819: 현재 코드 페이지(949)에서 표시할 수 없는 문자가 파일에 들어 있습니다. 데이터가 손실되지 않게 하려면 해당 파일을 유니코드 형식으로 저장하십시오.
C:\Program Files\NVIDIA GPU Computing Toolkit\CUDA\v12.3\include\driver_types.h(1325,1): warning C4819: 현재 코드 페이지(949)에서 표시할 수 없는 문자가 파일에 들어 있습니다. 데이터가 손실되지 않게 하려면 해당 파일을 유니코드 형식으로 저장하십시오.
C:\Program Files\NVIDIA GPU Computing Toolkit\CUDA\v12.3\include\cuda_runtime_api.h(11766,1): warning C4819: 현재 코드 페이지(949)에서 표시할 수 없는 문자가 파일에 들어 있습니다. 데이터가 손실되지 않게 하려면 해당 파일을 유니코드 형식으로 저장하십시오.
C:\Program Files\NVIDIA GPU Computing Toolkit\CUDA\v12.3\include\cuda_runtime_api.h(11766,1): warning C4819: 현재 코드 페이지(949)에서 표시할 수 없는 문자가 파일에 들어 있습니다. 데이터가 손실되지 않게 하려면 해당 파일을 유니코드 형식으로 저장하십시오.
C:\Program Files\NVIDIA GPU Computing Toolkit\CUDA\v12.3\include\driver_types.h(1325,1): warning C4819: 현재 코드 페이지(949)에서 표시할 수 없는 문자가 파일에 들어 있습니다. 데이터가 손실되지 않게 하려면 해당 파일을 유니코드 형식으로 저장하십시오.
C:\Program Files\NVIDIA GPU Computing Toolkit\CUDA\v12.3\include\driver_types.h(1325,1): warning C4819: 현재 코드 페이지(949)에서 표시할 수 없는 문자가 파일에 들어 있습니다. 데이터가 손실되지 않게 하려면 해당 파일을 유니코드 형식으로 저장하십시오.
C:\Program Files\NVIDIA GPU Computing Toolkit\CUDA\v12.3\include\cuda_runtime_api.h(11766,1): warning C4819: 현재 코드 페이지(949)에서 표시할 수 없는 문자가 파일에 들어 있습니다. 데이터가 손실되지 않게 하려면 해당 파일을 유니코드 형식으로 저장하십시오.
C:\Program Files\NVIDIA GPU Computing Toolkit\CUDA\v12.3\include\cuda_runtime_api.h(11766,1): warning C4819: 현재 코드 페이지(949)에서 표시할 수 없는 문자가 파일에 들어 있습니다. 데이터가 손실되지 않게 하려면 해당 파일을 유니코드 형식으로 저장하십시오.
  tl.cpp
C:\Program Files\NVIDIA GPU Computing Toolkit\CUDA\v12.3\include\driver_types.h(1325,1): warning C4819: 현재 코드 페이지(949)에서 표시할 수 없는 문자가 파일에 들어 있습니다. 데이터가 손실되지 않게 하려면 해당 파일을 유니코드 형식으로 저장하십시오.
C:\Program Files\NVIDIA GPU Computing Toolkit\CUDA\v12.3\include\driver_types.h(1325,1): warning C4819: 현재 코드 페이지(949)에서 표시할 수 없는 문자가 파일에 들어 있습니다. 데이터가 손실되지 않게 하려면 해당 파일을 유니코드 형식으로 저장하십시오.
C:\Program Files\NVIDIA GPU Computing Toolkit\CUDA\v12.3\include\driver_types.h(1325,1): warning C4819: 현재 코드 페이지(949)에서 표시할 수 없는 문자가 파일에 들어 있습니다. 데이터가 손실되지 않게 하려면 해당 파일을 유니코드 형식으로 저장하십시오.
C:\Program Files\NVIDIA GPU Computing Toolkit\CUDA\v12.3\include\driver_types.h(1325,1): warning C4819: 현재 코드 페이지(949)에서 표시할 수 없는 문자가 파일에 들어 있습니다. 데이터가 손실되지 않게 하려면 해당 파일을 유니코드 형식으로 저장하십시오.
C:\Program Files\NVIDIA GPU Computing Toolkit\CUDA\v12.3\include\cuda_runtime_api.h(11766,1): warning C4819: 현재 코드 페이지(949)에서 표시할 수 없는 문자가 파일에 들어 있습니다. 데이터가 손실되지 않게 하려면 해당 파일을 유니코드 형식으로 저장하십시오.
C:\Program Files\NVIDIA GPU Computing Toolkit\CUDA\v12.3\include\cuda_runtime_api.h(11766,1): warning C4819: 현재 코드 페이지(949)에서 표시할 수 없는 문자가 파일에 들어 있습니다. 데이터가 손실되지 않게 하려면 해당 파일을 유니코드 형식으로 저장하십시오.
C:\Program Files\NVIDIA GPU Computing Toolkit\CUDA\v12.3\include\driver_types.h(1325,1): warning C4819: 현재 코드 페이지(949)에서 표시할 수 없는 문자가 파일에 들어 있습니다. 데이터가 손실되지 않게 하려면 해당 파일을 유니코드 형식으로 저장하십시오.
C:\Program Files\NVIDIA GPU Computing Toolkit\CUDA\v12.3\include\driver_types.h(1325,1): warning C4819: 현재 코드 페이지(949)에서 표시할 수 없는 문자가 파일에 들어 있습니다. 데이터가 손실되지 않게 하려면 해당 파일을 유니코드 형식으로 저장하십시오.
C:\Program Files\NVIDIA GPU Computing Toolkit\CUDA\v12.3\include\cuda_runtime_api.h(11766,1): warning C4819: 현재 코드 페이지(949)에서 표시할 수 없는 문자가 파일에 들어 있습니다. 데이터가 손실되지 않게 하려면 해당 파일을 유니코드 형식으로 저장하십시오.
C:\Program Files\NVIDIA GPU Computing Toolkit\CUDA\v12.3\include\cuda_runtime_api.h(11766,1): warning C4819: 현재 코드 페이지(949)에서 표시할 수 없는 문자가 파일에 들어 있습니다. 데이터가 손실되지 않게 하려면 해당 파일을 유니코드 형식으로 저장하십시오.
C:\Users\MultiCOM\Documents\workspace\bellhop_cuda_windows\bellhop_cuda_windows\bellhop_cuda_windows\mode\tl.cpp(203,34): warning C4244: '인수': 'bhc::real'에서 'float'(으)로 변환하면서 데이터가 손실될 수 있습니다.
C:\Users\MultiCOM\Documents\workspace\bellhop_cuda_windows\bellhop_cuda_windows\bellhop_cuda_windows\mode\tl.cpp(234): message : 컴파일되는 함수 템플릿 인스턴스화 'void bhc::mode::WriteOutTL<false,false>(const bhc::bhcParams<false> &,const bhc::bhcOutputs<false,false> &)'에 대한 참조를 확인하세요.
C:\Users\MultiCOM\Documents\workspace\bellhop_cuda_windows\bellhop_cuda_windows\bellhop_cuda_windows\module\szrz.hpp(73,30): warning C4244: '=': 'bhc::real'에서 'float'(으)로 변환하면서 데이터가 손실될 수 있습니다.
C:\Users\MultiCOM\Documents\workspace\bellhop_cuda_windows\bellhop_cuda_windows\bellhop_cuda_windows\module\szrz.hpp(58): message : 클래스 템플릿 멤버 함수 'void bhc::module::SzRz<false>::Validate(bhc::bhcParams<false> &) const'을(를) 컴파일하는 중입니다.
C:\Users\MultiCOM\Documents\workspace\bellhop_cuda_windows\bellhop_cuda_windows\bellhop_cuda_windows\mode\tl.cpp(322): message : 컴파일되는 클래스 템플릿 인스턴스화 'bhc::module::SzRz<false>'에 대한 참조를 확인하세요.
C:\Users\MultiCOM\Documents\workspace\bellhop_cuda_windows\bellhop_cuda_windows\bellhop_cuda_windows\mode\tl.cpp(349): message : 컴파일되는 함수 템플릿 인스턴스화 'void bhc::mode::ReadOutTL<false,false>(bhc::bhcParams<false> &,bhc::bhcOutputs<false,false> &,const char *)'에 대한 참조를 확인하세요.
C:\Users\MultiCOM\Documents\workspace\bellhop_cuda_windows\bellhop_cuda_windows\bellhop_cuda_windows\module\szrz.hpp(77,30): warning C4244: '=': 'bhc::real'에서 'float'(으)로 변환하면서 데이터가 손실될 수 있습니다.
C:\Users\MultiCOM\Documents\workspace\bellhop_cuda_windows\bellhop_cuda_windows\bellhop_cuda_windows\module\szrz.hpp(94,30): warning C4244: '=': 'bhc::real'에서 'float'(으)로 변환하면서 데이터가 손실될 수 있습니다.
C:\Users\MultiCOM\Documents\workspace\bellhop_cuda_windows\bellhop_cuda_windows\bellhop_cuda_windows\module\szrz.hpp(98,30): warning C4244: '=': 'bhc::real'에서 'float'(으)로 변환하면서 데이터가 손실될 수 있습니다.
C:\Users\MultiCOM\Documents\workspace\bellhop_cuda_windows\bellhop_cuda_windows\bellhop_cuda_windows\module\szrz.hpp(34,43): warning C4244: '=': 'double'에서 'float'(으)로 변환하면서 데이터가 손실될 수 있습니다.
C:\Users\MultiCOM\Documents\workspace\bellhop_cuda_windows\bellhop_cuda_windows\bellhop_cuda_windows\module\szrz.hpp(26): message : 클래스 템플릿 멤버 함수 'void bhc::module::SzRz<false>::Default(bhc::bhcParams<false> &) const'을(를) 컴파일하는 중입니다.
  코드를 생성하고 있습니다...
     C:\Users\MultiCOM\Documents\workspace\bellhop_cuda_windows\bellhop_cuda_windows\x64\Debug\bellhop_cuda_windows.lib 라이브러리 및 C:\Users\MultiCOM\Documents\workspace\bellhop_cuda_windows\bellhop_cuda_windows\x64\Debug\bellhop_cuda_windows.exp 개체를 생성하고 있습니다.
field.obj : error LNK2019: "void __cdecl bhc::mode::RunFieldModesImpl<struct bhc::CfgSel<67,82,78>,0,0>(struct bhc::bhcParams<0> &,struct bhc::bhcOutputs<0,0> &)" (??$RunFieldModesImpl@U?$CfgSel@$0ED@$0FC@$0EO@@bhc@@$0A@$0A@@mode@bhc@@YAXAEAU?$bhcParams@$0A@@1@AEAU?$bhcOutputs@$0A@$0A@@1@@Z)"void __cdecl bhc::mode::RunFieldModesSelSSP<67,82,0,0>(struct bhc::bhcParams<0> &,struct bhc::bhcOutputs<0,0> &)" (??$RunFieldModesSelSSP@$0ED@$0FC@$0A@$0A@@mode@bhc@@YAXAEAU?$bhcParams@$0A@@1@AEAU?$bhcOutputs@$0A@$0A@@1@@Z) 함수에서 참조되는 확인할 수 없는 외부 기호
C:\Users\MultiCOM\Documents\workspace\bellhop_cuda_windows\bellhop_cuda_windows\x64\Debug\bellhop_cuda_windows.exe : fatal error LNK1120: 1개의 확인할 수 없는 외부 참조입니다.
