c:\users\multicom\documents\workspace\bellhop_cuda_windows\bellhop_cuda_windows\bellhop_cuda_windows\x64\debug\vc142.pdb
c:\users\multicom\documents\workspace\bellhop_cuda_windows\bellhop_cuda_windows\bellhop_cuda_windows\x64\debug\vc142.idb
c:\users\multicom\documents\workspace\bellhop_cuda_windows\bellhop_cuda_windows\bellhop_cuda_windows\x64\debug\timing.obj
c:\users\multicom\documents\workspace\bellhop_cuda_windows\bellhop_cuda_windows\bellhop_cuda_windows\x64\debug\errors.obj
c:\users\multicom\documents\workspace\bellhop_cuda_windows\bellhop_cuda_windows\bellhop_cuda_windows\x64\debug\atten.obj
c:\users\multicom\documents\workspace\bellhop_cuda_windows\bellhop_cuda_windows\bellhop_cuda_windows\x64\debug\tl.obj
c:\users\multicom\documents\workspace\bellhop_cuda_windows\bellhop_cuda_windows\bellhop_cuda_windows\x64\debug\ray.obj
c:\users\multicom\documents\workspace\bellhop_cuda_windows\bellhop_cuda_windows\bellhop_cuda_windows\x64\debug\field.obj
c:\users\multicom\documents\workspace\bellhop_cuda_windows\bellhop_cuda_windows\bellhop_cuda_windows\x64\debug\eigen.obj
c:\users\multicom\documents\workspace\bellhop_cuda_windows\bellhop_cuda_windows\bellhop_cuda_windows\x64\debug\arr.obj
c:\users\multicom\documents\workspace\bellhop_cuda_windows\bellhop_cuda_windows\bellhop_cuda_windows\x64\debug\cmdline.obj
c:\users\multicom\documents\workspace\bellhop_cuda_windows\bellhop_cuda_windows\bellhop_cuda_windows\x64\debug\api.obj
c:\users\multicom\documents\workspace\bellhop_cuda_windows\bellhop_cuda_windows\x64\debug\bellhop_cuda_windows.pdb
c:\users\multicom\documents\workspace\bellhop_cuda_windows\bellhop_cuda_windows\bellhop_cuda_windows\x64\debug\bellhop_.f3fe8ccc.tlog\cl.command.1.tlog
c:\users\multicom\documents\workspace\bellhop_cuda_windows\bellhop_cuda_windows\bellhop_cuda_windows\x64\debug\bellhop_.f3fe8ccc.tlog\cl.read.1.tlog
c:\users\multicom\documents\workspace\bellhop_cuda_windows\bellhop_cuda_windows\bellhop_cuda_windows\x64\debug\bellhop_.f3fe8ccc.tlog\cl.write.1.tlog
c:\users\multicom\documents\workspace\bellhop_cuda_windows\bellhop_cuda_windows\bellhop_cuda_windows\x64\debug\bellhop_.f3fe8ccc.tlog\link-cvtres.read.1.tlog
c:\users\multicom\documents\workspace\bellhop_cuda_windows\bellhop_cuda_windows\bellhop_cuda_windows\x64\debug\bellhop_.f3fe8ccc.tlog\link-cvtres.write.1.tlog
c:\users\multicom\documents\workspace\bellhop_cuda_windows\bellhop_cuda_windows\bellhop_cuda_windows\x64\debug\bellhop_.f3fe8ccc.tlog\link-rc.read.1.tlog
c:\users\multicom\documents\workspace\bellhop_cuda_windows\bellhop_cuda_windows\bellhop_cuda_windows\x64\debug\bellhop_.f3fe8ccc.tlog\link-rc.write.1.tlog
c:\users\multicom\documents\workspace\bellhop_cuda_windows\bellhop_cuda_windows\bellhop_cuda_windows\x64\debug\bellhop_.f3fe8ccc.tlog\link.command.1.tlog
c:\users\multicom\documents\workspace\bellhop_cuda_windows\bellhop_cuda_windows\bellhop_cuda_windows\x64\debug\bellhop_.f3fe8ccc.tlog\link.read.1.tlog
c:\users\multicom\documents\workspace\bellhop_cuda_windows\bellhop_cuda_windows\bellhop_cuda_windows\x64\debug\bellhop_.f3fe8ccc.tlog\link.write.1.tlog
